{"meta": {"version": "7.2.2", "timestamp": "2023-03-26T18:24:12.046609", "branch_coverage": true, "show_contexts": false}, "files": {"src/dijkstra.py": {"executed_lines": [1, 2, 30, 31, 32, 33, 34, 35, 36, 37, 38, 40, 41, 42, 44, 45, 46, 47, 48, 49, 50, 51, 52, 53, 54, 55, 56, 57, 60, 62, 63, 64, 65, 66, 67, 68, 69, 70, 72, 73, 78, 79, 80, 81, 82, 83, 84, 85, 87], "summary": {"covered_lines": 48, "num_statements": 51, "percent_covered": 95.89041095890411, "percent_covered_display": "96", "missing_lines": 3, "excluded_lines": 0, "num_branches": 22, "num_partial_branches": 0, "covered_branches": 22, "missing_branches": 0}, "missing_lines": [88, 89, 90], "excluded_lines": [], "executed_branches": [[34, -34], [34, 34], [34, 35], [35, -35], [35, 35], [35, 36], [36, -36], [36, 36], [36, 37], [47, 48], [47, 49], [50, 44], [50, 51], [52, 50], [52, 53], [54, 50], [54, 55], [65, 66], [65, 70], [66, 65], [66, 67], [67, 66], [67, 68], [81, 82], [81, 84]], "missing_branches": []}, "src/tests/__init__.py": {"executed_lines": [1], "summary": {"covered_lines": 0, "num_statements": 0, "percent_covered": 100.0, "percent_covered_display": "100", "missing_lines": 0, "excluded_lines": 0, "num_branches": 0, "num_partial_branches": 0, "covered_branches": 0, "missing_branches": 0}, "missing_lines": [], "excluded_lines": [], "executed_branches": [], "missing_branches": []}, "src/tests/dijkstra_test.py": {"executed_lines": [1, 2, 4, 5, 8, 9, 15, 17, 18, 19, 20, 21, 23, 24, 30, 36, 37, 39, 40, 41, 42, 43, 45, 46, 47, 48, 49, 51, 52, 53, 54, 55, 57, 58, 59, 60, 61, 62, 63], "summary": {"covered_lines": 38, "num_statements": 38, "percent_covered": 100.0, "percent_covered_display": "100", "missing_lines": 0, "excluded_lines": 0, "num_branches": 8, "num_partial_branches": 0, "covered_branches": 8, "missing_branches": 0}, "missing_lines": [], "excluded_lines": [], "executed_branches": [[42, -39], [42, 43], [54, -51], [54, 55], [58, -58], [58, 58], [58, 59], [62, -62], [62, 62], [62, 63]], "missing_branches": []}}, "totals": {"covered_lines": 86, "num_statements": 89, "percent_covered": 97.47899159663865, "percent_covered_display": "97", "missing_lines": 3, "excluded_lines": 0, "num_branches": 30, "num_partial_branches": 0, "covered_branches": 30, "missing_branches": 0}}